<?xml version="1.0" encoding="UTF-8"?>
<testsuite name="Test"
           tests="4"
           failures="3"
           errors="0"
           skipped="1"
           time="0.023">
  <properties />
            <testcase name="setUP" time="0.000" classname="TestCases.Login">
                <failure type="java.lang.NullPointerException"
                  message="null value in entry: url=null"
              >
<![CDATA[java.lang.NullPointerException: null value in entry: url=null
  com.google.common.collect.CollectPreconditions.checkEntryNotNull(CollectPreconditions.java:32)
  com.google.common.collect.SingletonImmutableBiMap.<init>(SingletonImmutableBiMap.java:42)
  com.google.common.collect.ImmutableBiMap.of(ImmutableBiMap.java:72)
  com.google.common.collect.ImmutableMap.of(ImmutableMap.java:124)
  org.openqa.selenium.remote.RemoteWebDriver.get(RemoteWebDriver.java:277)
  Base.TestBase.setUP(TestBase.java:171)
  sun.reflect.NativeMethodAccessorImpl.invoke0(Native Method)
  sun.reflect.NativeMethodAccessorImpl.invoke(Unknown Source)
  sun.reflect.DelegatingMethodAccessorImpl.invoke(Unknown Source)
  java.lang.reflect.Method.invoke(Unknown Source)
  org.testng.internal.MethodInvocationHelper.invokeMethod(MethodInvocationHelper.java:100)
  org.testng.internal.Invoker.invokeConfigurationMethod(Invoker.java:515)
  org.testng.internal.Invoker.invokeConfigurations(Invoker.java:216)
  org.testng.internal.Invoker.invokeConfigurations(Invoker.java:143)
  org.testng.SuiteRunner.privateRun(SuiteRunner.java:338)
  org.testng.SuiteRunner.run(SuiteRunner.java:270)
  org.testng.SuiteRunnerWorker.runSuite(SuiteRunnerWorker.java:52)
  org.testng.SuiteRunnerWorker.run(SuiteRunnerWorker.java:86)
  org.testng.TestNG.runSuitesSequentially(TestNG.java:1284)
  org.testng.TestNG.runSuitesLocally(TestNG.java:1209)
  org.testng.TestNG.runSuites(TestNG.java:1124)
  org.testng.TestNG.run(TestNG.java:1096)
  org.testng.remote.AbstractRemoteTestNG.run(AbstractRemoteTestNG.java:132)
  org.testng.remote.RemoteTestNG.initAndRun(RemoteTestNG.java:236)
  org.testng.remote.RemoteTestNG.main(RemoteTestNG.java:81)
]]>
      </failure>

          </testcase>
            <testcase name="testLogin" time="0.020" classname="TestCases.Login">
                <failure type="java.lang.IllegalArgumentException"
                  message="Cannot find elements when the id is null."
              >
<![CDATA[java.lang.IllegalArgumentException: Cannot find elements when the id is null.
  org.openqa.selenium.By$ById.<init>(By.java:171)
  org.openqa.selenium.By.id(By.java:52)
  Base.TestBase.typeEle(TestBase.java:52)
  TestCases.Login.testLogin(Login.java:12)
  sun.reflect.NativeMethodAccessorImpl.invoke0(Native Method)
  sun.reflect.NativeMethodAccessorImpl.invoke(Unknown Source)
  sun.reflect.DelegatingMethodAccessorImpl.invoke(Unknown Source)
  java.lang.reflect.Method.invoke(Unknown Source)
  org.testng.internal.MethodInvocationHelper.invokeMethod(MethodInvocationHelper.java:100)
  org.testng.internal.Invoker.invokeMethod(Invoker.java:646)
  org.testng.internal.Invoker.invokeTestMethod(Invoker.java:811)
  org.testng.internal.Invoker.invokeTestMethods(Invoker.java:1137)
  org.testng.internal.TestMethodWorker.invokeTestMethods(TestMethodWorker.java:129)
  org.testng.internal.TestMethodWorker.run(TestMethodWorker.java:112)
  org.testng.TestRunner.privateRun(TestRunner.java:753)
  org.testng.TestRunner.run(TestRunner.java:607)
  org.testng.SuiteRunner.runTest(SuiteRunner.java:368)
  org.testng.SuiteRunner.runSequentially(SuiteRunner.java:363)
  org.testng.SuiteRunner.privateRun(SuiteRunner.java:321)
  org.testng.SuiteRunner.run(SuiteRunner.java:270)
  org.testng.SuiteRunnerWorker.runSuite(SuiteRunnerWorker.java:52)
  org.testng.SuiteRunnerWorker.run(SuiteRunnerWorker.java:86)
  org.testng.TestNG.runSuitesSequentially(TestNG.java:1284)
  org.testng.TestNG.runSuitesLocally(TestNG.java:1209)
  org.testng.TestNG.runSuites(TestNG.java:1124)
  org.testng.TestNG.run(TestNG.java:1096)
  org.testng.remote.AbstractRemoteTestNG.run(AbstractRemoteTestNG.java:132)
  org.testng.remote.RemoteTestNG.initAndRun(RemoteTestNG.java:236)
  org.testng.remote.RemoteTestNG.main(RemoteTestNG.java:81)
]]>
      </failure>

          </testcase>
            <testcase name="getTilte" time="0.003" classname="TestCases.Login">
                <failure type="java.lang.NullPointerException"
                  message="(null)"
              >
<![CDATA[java.lang.NullPointerException
  TestCases.Login.getTilte(Login.java:19)
  sun.reflect.NativeMethodAccessorImpl.invoke0(Native Method)
  sun.reflect.NativeMethodAccessorImpl.invoke(Unknown Source)
  sun.reflect.DelegatingMethodAccessorImpl.invoke(Unknown Source)
  java.lang.reflect.Method.invoke(Unknown Source)
  org.testng.internal.MethodInvocationHelper.invokeMethod(MethodInvocationHelper.java:100)
  org.testng.internal.Invoker.invokeMethod(Invoker.java:646)
  org.testng.internal.Invoker.invokeTestMethod(Invoker.java:811)
  org.testng.internal.Invoker.invokeTestMethods(Invoker.java:1137)
  org.testng.internal.TestMethodWorker.invokeTestMethods(TestMethodWorker.java:129)
  org.testng.internal.TestMethodWorker.run(TestMethodWorker.java:112)
  org.testng.TestRunner.privateRun(TestRunner.java:753)
  org.testng.TestRunner.run(TestRunner.java:607)
  org.testng.SuiteRunner.runTest(SuiteRunner.java:368)
  org.testng.SuiteRunner.runSequentially(SuiteRunner.java:363)
  org.testng.SuiteRunner.privateRun(SuiteRunner.java:321)
  org.testng.SuiteRunner.run(SuiteRunner.java:270)
  org.testng.SuiteRunnerWorker.runSuite(SuiteRunnerWorker.java:52)
  org.testng.SuiteRunnerWorker.run(SuiteRunnerWorker.java:86)
  org.testng.TestNG.runSuitesSequentially(TestNG.java:1284)
  org.testng.TestNG.runSuitesLocally(TestNG.java:1209)
  org.testng.TestNG.runSuites(TestNG.java:1124)
  org.testng.TestNG.run(TestNG.java:1096)
  org.testng.remote.AbstractRemoteTestNG.run(AbstractRemoteTestNG.java:132)
  org.testng.remote.RemoteTestNG.initAndRun(RemoteTestNG.java:236)
  org.testng.remote.RemoteTestNG.main(RemoteTestNG.java:81)
]]>
      </failure>

          </testcase>
  
            <testcase name="tearDown" time="0.0" classname="TestCases.Login">
          <skipped />
    </testcase>
  
  
</testsuite>
